<?xml version="1.0" encoding="UTF-8"?>
<coverage generated="1771895638112" clover="3.2.0">
  <project timestamp="1771895638112" name="All files">
    <metrics statements="4076" coveredstatements="2321" conditionals="3360" coveredconditionals="1485" methods="710" coveredmethods="411" elements="8146" coveredelements="4217" complexity="0" loc="4076" ncloc="4076" packages="9" files="38" classes="38"/>
    <package name="src">
      <metrics statements="40" coveredstatements="40" conditionals="46" coveredconditionals="39" methods="4" coveredmethods="4"/>
      <file name="env.ts" path="/home/alex_rod/projects/lexRAG-MCP/src/env.ts">
        <metrics statements="37" coveredstatements="37" conditionals="44" coveredconditionals="37" methods="2" coveredmethods="2"/>
        <line num="14" count="7" type="stmt"/>
        <line num="23" count="7" type="stmt"/>
        <line num="28" count="7" type="stmt"/>
        <line num="35" count="7" type="stmt"/>
        <line num="37" count="7" type="cond" truecount="2" falsecount="0"/>
        <line num="38" count="7" type="cond" truecount="1" falsecount="1"/>
        <line num="47" count="7" type="cond" truecount="2" falsecount="0"/>
        <line num="50" count="7" type="stmt"/>
        <line num="58" count="7" type="cond" truecount="2" falsecount="0"/>
        <line num="68" count="7" type="cond" truecount="1" falsecount="1"/>
        <line num="75" count="7" type="cond" truecount="1" falsecount="1"/>
        <line num="83" count="7" type="cond" truecount="2" falsecount="0"/>
        <line num="86" count="7" type="stmt"/>
        <line num="95" count="7" type="cond" truecount="1" falsecount="1"/>
        <line num="102" count="7" type="stmt"/>
        <line num="114" count="7" type="cond" truecount="1" falsecount="1"/>
        <line num="121" count="7" type="stmt"/>
        <line num="134" count="7" type="cond" truecount="2" falsecount="0"/>
        <line num="137" count="7" type="stmt"/>
        <line num="147" count="7" type="cond" truecount="2" falsecount="0"/>
        <line num="150" count="7" type="stmt"/>
        <line num="160" count="7" type="stmt"/>
        <line num="163" count="7" type="stmt"/>
        <line num="174" count="7" type="stmt"/>
        <line num="177" count="7" type="stmt"/>
        <line num="184" count="7" type="stmt"/>
        <line num="188" count="7" type="stmt"/>
        <line num="192" count="7" type="stmt"/>
        <line num="203" count="7" type="stmt"/>
        <line num="207" count="7" type="stmt"/>
        <line num="216" count="7" type="stmt"/>
        <line num="227" count="7" type="stmt"/>
        <line num="239" count="7" type="stmt"/>
        <line num="251" count="7" type="stmt"/>
        <line num="261" count="7" type="stmt"/>
        <line num="271" count="7" type="stmt"/>
        <line num="283" count="7" type="stmt"/>
      </file>
      <file name="request-context.ts" path="/home/alex_rod/projects/lexRAG-MCP/src/request-context.ts">
        <metrics statements="3" coveredstatements="3" conditionals="2" coveredconditionals="2" methods="2" coveredmethods="2"/>
        <line num="7" count="2" type="stmt"/>
        <line num="13" count="8" type="stmt"/>
        <line num="17" count="72" type="cond" truecount="2" falsecount="0"/>
      </file>
    </package>
    <package name="src.engines">
      <metrics statements="730" coveredstatements="319" conditionals="612" coveredconditionals="161" methods="156" coveredmethods="67"/>
      <file name="architecture-engine.ts" path="/home/alex_rod/projects/lexRAG-MCP/src/engines/architecture-engine.ts">
        <metrics statements="154" coveredstatements="114" conditionals="90" coveredconditionals="45" methods="20" coveredmethods="15"/>
        <line num="59" count="9" type="stmt"/>
        <line num="60" count="3" type="stmt"/>
        <line num="67" count="2" type="stmt"/>
        <line num="68" count="2" type="stmt"/>
        <line num="72" count="2" type="cond" truecount="4" falsecount="0"/>
        <line num="73" count="1" type="stmt"/>
        <line num="76" count="1" type="stmt"/>
        <line num="82" count="2" type="stmt"/>
        <line num="83" count="4" type="stmt"/>
        <line num="85" count="4" type="cond" truecount="1" falsecount="1"/>
        <line num="86" count="0" type="stmt"/>
        <line num="95" count="0" type="stmt"/>
        <line num="99" count="4" type="stmt"/>
        <line num="103" count="4" type="stmt"/>
        <line num="105" count="3" type="cond" truecount="1" falsecount="1"/>
        <line num="109" count="0" type="stmt"/>
        <line num="113" count="3" type="stmt"/>
        <line num="114" count="3" type="cond" truecount="1" falsecount="1"/>
        <line num="116" count="3" type="stmt"/>
        <line num="117" count="3" type="cond" truecount="1" falsecount="1"/>
        <line num="120" count="3" type="cond" truecount="2" falsecount="0"/>
        <line num="121" count="1" type="stmt"/>
        <line num="132" count="3" type="cond" truecount="2" falsecount="0"/>
        <line num="136" count="1" type="stmt"/>
        <line num="149" count="2" type="stmt"/>
        <line num="150" count="2" type="stmt"/>
        <line num="152" count="4" type="stmt"/>
        <line num="153" count="4" type="stmt"/>
        <line num="155" count="2" type="stmt"/>
        <line num="171" count="9" type="stmt"/>
        <line num="172" count="20" type="stmt"/>
        <line num="173" count="20" type="cond" truecount="2" falsecount="0"/>
        <line num="174" count="9" type="stmt"/>
        <line num="178" count="0" type="stmt"/>
        <line num="189" count="20" type="stmt"/>
        <line num="196" count="20" type="stmt"/>
        <line num="197" count="20" type="stmt"/>
        <line num="204" count="8" type="stmt"/>
        <line num="205" count="8" type="stmt"/>
        <line num="206" count="8" type="stmt"/>
        <line num="210" count="8" type="stmt"/>
        <line num="213" count="8" type="stmt"/>
        <line num="214" count="6" type="stmt"/>
        <line num="217" count="8" type="stmt"/>
        <line num="219" count="0" type="stmt"/>
        <line num="233" count="6" type="cond" truecount="1" falsecount="1"/>
        <line num="235" count="6" type="stmt"/>
        <line num="236" count="6" type="stmt"/>
        <line num="237" count="0" type="cond" truecount="0" falsecount="2"/>
        <line num="239" count="0" type="stmt"/>
        <line num="242" count="0" type="stmt"/>
        <line num="246" count="6" type="stmt"/>
        <line num="247" count="6" type="cond" truecount="1" falsecount="1"/>
        <line num="248" count="0" type="stmt"/>
        <line num="252" count="6" type="stmt"/>
        <line num="260" count="6" type="stmt"/>
        <line num="261" count="12" type="stmt"/>
        <line num="262" count="12" type="cond" truecount="2" falsecount="0"/>
        <line num="263" count="6" type="stmt"/>
        <line num="268" count="0" type="cond" truecount="0" falsecount="4"/>
        <line num="281" count="4" type="cond" truecount="2" falsecount="0"/>
        <line num="282" count="3" type="stmt"/>
        <line num="286" count="1" type="cond" truecount="1" falsecount="1"/>
        <line num="287" count="0" type="stmt"/>
        <line num="290" count="1" type="stmt"/>
        <line num="300" count="3" type="cond" truecount="1" falsecount="1"/>
        <line num="301" count="0" type="stmt"/>
        <line num="303" count="3" type="stmt"/>
        <line num="310" count="2" type="stmt"/>
        <line num="311" count="2" type="stmt"/>
        <line num="312" count="2" type="stmt"/>
        <line num="313" count="2" type="stmt"/>
        <line num="314" count="2" type="stmt"/>
        <line num="317" count="2" type="stmt"/>
        <line num="318" count="2" type="stmt"/>
        <line num="323" count="2" type="stmt"/>
        <line num="324" count="4" type="stmt"/>
        <line num="325" count="4" type="stmt"/>
        <line num="327" count="4" type="stmt"/>
        <line num="328" count="3" type="cond" truecount="2" falsecount="2"/>
        <line num="329" count="3" type="stmt"/>
        <line num="330" count="3" type="cond" truecount="1" falsecount="1"/>
        <line num="331" count="3" type="stmt"/>
        <line num="336" count="4" type="stmt"/>
        <line num="340" count="2" type="stmt"/>
        <line num="342" count="9" type="stmt"/>
        <line num="343" count="9" type="cond" truecount="2" falsecount="0"/>
        <line num="344" count="2" type="stmt"/>
        <line num="345" count="2" type="stmt"/>
        <line num="348" count="7" type="cond" truecount="1" falsecount="1"/>
        <line num="350" count="7" type="stmt"/>
        <line num="351" count="7" type="stmt"/>
        <line num="352" count="7" type="stmt"/>
        <line num="354" count="7" type="cond" truecount="1" falsecount="1"/>
        <line num="355" count="9" type="stmt"/>
        <line num="356" count="5" type="stmt"/>
        <line num="359" count="7" type="stmt"/>
        <line num="360" count="7" type="stmt"/>
        <line num="361" count="7" type="stmt"/>
        <line num="365" count="2" type="stmt"/>
        <line num="366" count="4" type="cond" truecount="1" falsecount="1"/>
        <line num="367" count="4" type="stmt"/>
        <line num="372" count="2" type="stmt"/>
        <line num="373" count="2" type="stmt"/>
        <line num="374" count="2" type="cond" truecount="1" falsecount="1"/>
        <line num="375" count="2" type="stmt"/>
        <line num="376" count="2" type="cond" truecount="1" falsecount="1"/>
        <line num="377" count="2" type="stmt"/>
        <line num="378" count="2" type="stmt"/>
        <line num="390" count="2" type="stmt"/>
        <line num="406" count="1" type="stmt"/>
        <line num="407" count="1" type="stmt"/>
        <line num="409" count="1" type="stmt"/>
        <line num="412" count="1" type="stmt"/>
        <line num="413" count="1" type="cond" truecount="3" falsecount="1"/>
        <line num="414" count="0" type="stmt"/>
        <line num="415" count="0" type="stmt"/>
        <line num="419" count="1" type="cond" truecount="1" falsecount="1"/>
        <line num="421" count="1" type="stmt"/>
        <line num="422" count="1" type="stmt"/>
        <line num="430" count="0" type="stmt"/>
        <line num="439" count="1" type="stmt"/>
        <line num="440" count="1" type="stmt"/>
        <line num="442" count="1" type="stmt"/>
        <line num="443" count="1" type="cond" truecount="1" falsecount="1"/>
        <line num="444" count="0" type="cond" truecount="0" falsecount="2"/>
        <line num="445" count="1" type="cond" truecount="1" falsecount="1"/>
        <line num="446" count="0" type="cond" truecount="0" falsecount="2"/>
        <line num="447" count="0" type="cond" truecount="0" falsecount="2"/>
        <line num="448" count="1" type="cond" truecount="1" falsecount="1"/>
        <line num="449" count="1" type="cond" truecount="1" falsecount="1"/>
        <line num="454" count="1" type="stmt"/>
        <line num="464" count="0" type="stmt"/>
        <line num="466" count="0" type="stmt"/>
        <line num="469" count="0" type="stmt"/>
        <line num="470" count="0" type="stmt"/>
        <line num="485" count="0" type="stmt"/>
        <line num="487" count="0" type="stmt"/>
        <line num="499" count="0" type="stmt"/>
        <line num="500" count="0" type="cond" truecount="0" falsecount="2"/>
        <line num="501" count="0" type="stmt"/>
        <line num="519" count="0" type="stmt"/>
        <line num="522" count="0" type="stmt"/>
        <line num="523" count="0" type="cond" truecount="0" falsecount="2"/>
        <line num="524" count="0" type="stmt"/>
        <line num="525" count="0" type="stmt"/>
        <line num="527" count="0" type="stmt"/>
        <line num="538" count="0" type="stmt"/>
        <line num="549" count="0" type="cond" truecount="0" falsecount="5"/>
        <line num="551" count="0" type="stmt"/>
        <line num="553" count="0" type="stmt"/>
        <line num="555" count="0" type="stmt"/>
        <line num="557" count="0" type="stmt"/>
        <line num="559" count="0" type="stmt"/>
      </file>
      <file name="community-detector.ts" path="/home/alex_rod/projects/lexRAG-MCP/src/engines/community-detector.ts">
        <metrics statements="72" coveredstatements="1" conditionals="47" coveredconditionals="0" methods="17" coveredmethods="1"/>
        <line num="20" count="57" type="stmt"/>
        <line num="24" count="0" type="stmt"/>
        <line num="35" count="0" type="cond" truecount="0" falsecount="2"/>
        <line num="36" count="0" type="stmt"/>
        <line num="42" count="0" type="stmt"/>
        <line num="44" count="0" type="cond" truecount="0" falsecount="2"/>
        <line num="45" count="0" type="stmt"/>
        <line num="49" count="0" type="stmt"/>
        <line num="50" count="0" type="cond" truecount="0" falsecount="2"/>
        <line num="51" count="0" type="stmt"/>
        <line num="55" count="0" type="stmt"/>
        <line num="66" count="0" type="stmt"/>
        <line num="69" count="0" type="stmt"/>
        <line num="78" count="0" type="cond" truecount="0" falsecount="2"/>
        <line num="83" count="0" type="stmt"/>
        <line num="87" count="0" type="stmt"/>
        <line num="88" count="0" type="stmt"/>
        <line num="89" count="0" type="cond" truecount="0" falsecount="2"/>
        <line num="90" count="0" type="cond" truecount="0" falsecount="2"/>
        <line num="91" count="0" type="cond" truecount="0" falsecount="4"/>
        <line num="92" count="0" type="stmt"/>
        <line num="96" count="0" type="cond" truecount="0" falsecount="2"/>
        <line num="99" count="0" type="stmt"/>
        <line num="100" count="0" type="stmt"/>
        <line num="101" count="0" type="stmt"/>
        <line num="102" count="0" type="cond" truecount="0" falsecount="2"/>
        <line num="103" count="0" type="cond" truecount="0" falsecount="2"/>
        <line num="104" count="0" type="stmt"/>
        <line num="107" count="0" type="stmt"/>
        <line num="108" count="0" type="stmt"/>
        <line num="111" count="0" type="stmt"/>
        <line num="118" count="0" type="stmt"/>
        <line num="129" count="0" type="stmt"/>
        <line num="130" count="0" type="stmt"/>
        <line num="131" count="0" type="stmt"/>
        <line num="132" count="0" type="cond" truecount="0" falsecount="2"/>
        <line num="133" count="0" type="stmt"/>
        <line num="137" count="0" type="stmt"/>
        <line num="138" count="0" type="stmt"/>
        <line num="139" count="0" type="stmt"/>
        <line num="140" count="0" type="stmt"/>
        <line num="141" count="0" type="stmt"/>
        <line num="144" count="0" type="stmt"/>
        <line num="145" count="0" type="stmt"/>
        <line num="148" count="0" type="stmt"/>
        <line num="163" count="0" type="stmt"/>
        <line num="164" count="0" type="stmt"/>
        <line num="165" count="0" type="stmt"/>
        <line num="166" count="0" type="stmt"/>
        <line num="167" count="0" type="stmt"/>
        <line num="168" count="0" type="stmt"/>
        <line num="170" count="0" type="stmt"/>
        <line num="188" count="0" type="stmt"/>
        <line num="189" count="0" type="stmt"/>
        <line num="198" count="0" type="stmt"/>
        <line num="204" count="0" type="stmt"/>
        <line num="205" count="0" type="stmt"/>
        <line num="206" count="0" type="cond" truecount="0" falsecount="2"/>
        <line num="207" count="0" type="cond" truecount="0" falsecount="2"/>
        <line num="211" count="0" type="stmt"/>
        <line num="212" count="0" type="stmt"/>
        <line num="213" count="0" type="stmt"/>
        <line num="214" count="0" type="cond" truecount="0" falsecount="2"/>
        <line num="218" count="0" type="stmt"/>
        <line num="219" count="0" type="cond" truecount="0" falsecount="3"/>
        <line num="223" count="0" type="stmt"/>
        <line num="224" count="0" type="stmt"/>
        <line num="225" count="0" type="cond" truecount="0" falsecount="2"/>
        <line num="227" count="0" type="stmt"/>
        <line num="228" count="0" type="stmt"/>
        <line num="229" count="0" type="stmt"/>
        <line num="232" count="0" type="stmt"/>
      </file>
      <file name="coordination-engine.ts" path="/home/alex_rod/projects/lexRAG-MCP/src/engines/coordination-engine.ts">
        <metrics statements="44" coveredstatements="1" conditionals="92" coveredconditionals="0" methods="20" coveredmethods="1"/>
        <line num="73" count="57" type="stmt"/>
        <line num="76" count="0" type="stmt"/>
        <line num="90" count="0" type="stmt"/>
        <line num="91" count="0" type="cond" truecount="0" falsecount="2"/>
        <line num="92" count="0" type="stmt"/>
        <line num="104" count="0" type="stmt"/>
        <line num="105" count="0" type="stmt"/>
        <line num="106" count="0" type="stmt"/>
        <line num="111" count="0" type="stmt"/>
        <line num="141" count="0" type="cond" truecount="0" falsecount="2"/>
        <line num="142" count="0" type="stmt"/>
        <line num="154" count="0" type="stmt"/>
        <line num="162" count="0" type="stmt"/>
        <line num="177" count="0" type="stmt"/>
        <line num="187" count="0" type="stmt"/>
        <line num="197" count="0" type="stmt"/>
        <line num="198" count="0" type="stmt"/>
        <line num="199" count="0" type="stmt"/>
        <line num="201" count="0" type="stmt"/>
        <line num="204" count="0" type="stmt"/>
        <line num="211" count="0" type="stmt"/>
        <line num="222" count="0" type="stmt"/>
        <line num="273" count="0" type="stmt"/>
        <line num="275" count="0" type="stmt"/>
        <line num="276" count="0" type="stmt"/>
        <line num="278" count="0" type="stmt"/>
        <line num="279" count="0" type="stmt"/>
        <line num="280" count="0" type="stmt"/>
        <line num="295" count="0" type="stmt"/>
        <line num="305" count="0" type="stmt"/>
        <line num="306" count="0" type="stmt"/>
        <line num="318" count="0" type="cond" truecount="0" falsecount="2"/>
        <line num="326" count="0" type="stmt"/>
        <line num="347" count="0" type="stmt"/>
        <line num="358" count="0" type="cond" truecount="0" falsecount="2"/>
        <line num="359" count="0" type="stmt"/>
        <line num="362" count="0" type="cond" truecount="0" falsecount="2"/>
        <line num="364" count="0" type="cond" truecount="0" falsecount="4"/>
        <line num="369" count="0" type="stmt"/>
        <line num="377" count="0" type="cond" truecount="0" falsecount="3"/>
        <line num="381" count="0" type="cond" truecount="0" falsecount="5"/>
        <line num="382" count="0" type="stmt"/>
        <line num="385" count="0" type="stmt"/>
        <line num="407" count="0" type="stmt"/>
      </file>
      <file name="docs-engine.ts" path="/home/alex_rod/projects/lexRAG-MCP/src/engines/docs-engine.ts">
        <metrics statements="92" coveredstatements="89" conditionals="76" coveredconditionals="60" methods="23" coveredmethods="23"/>
        <line num="56" count="4" type="stmt"/>
        <line num="57" count="4" type="stmt"/>
        <line num="72" count="75" type="stmt"/>
        <line num="73" count="75" type="stmt"/>
        <line num="74" count="75" type="cond" truecount="2" falsecount="0"/>
        <line num="75" count="75" type="stmt"/>
        <line num="78" count="21" type="stmt"/>
        <line num="79" count="21" type="stmt"/>
        <line num="95" count="9" type="stmt"/>
        <line num="96" count="9" type="cond" truecount="2" falsecount="0"/>
        <line num="98" count="9" type="cond" truecount="2" falsecount="0"/>
        <line num="99" count="9" type="cond" truecount="2" falsecount="0"/>
        <line num="101" count="9" type="stmt"/>
        <line num="102" count="9" type="stmt"/>
        <line num="110" count="9" type="cond" truecount="2" falsecount="0"/>
        <line num="114" count="9" type="stmt"/>
        <line num="115" count="27" type="stmt"/>
        <line num="116" count="27" type="stmt"/>
        <line num="119" count="27" type="cond" truecount="4" falsecount="0"/>
        <line num="120" count="3" type="stmt"/>
        <line num="121" count="3" type="stmt"/>
        <line num="125" count="24" type="stmt"/>
        <line num="126" count="24" type="stmt"/>
        <line num="127" count="24" type="stmt"/>
        <line num="128" count="24" type="cond" truecount="2" falsecount="0"/>
        <line num="129" count="3" type="stmt"/>
        <line num="133" count="3" type="stmt"/>
        <line num="137" count="21" type="cond" truecount="4" falsecount="0"/>
        <line num="138" count="3" type="stmt"/>
        <line num="139" count="3" type="stmt"/>
        <line num="140" count="3" type="stmt"/>
        <line num="144" count="0" type="stmt"/>
        <line num="152" count="21" type="stmt"/>
        <line num="154" count="0" type="stmt"/>
        <line num="161" count="9" type="stmt"/>
        <line num="162" count="9" type="stmt"/>
        <line num="177" count="5" type="cond" truecount="2" falsecount="0"/>
        <line num="178" count="5" type="stmt"/>
        <line num="181" count="8" type="stmt"/>
        <line num="183" count="5" type="cond" truecount="2" falsecount="0"/>
        <line num="186" count="4" type="stmt"/>
        <line num="187" count="4" type="cond" truecount="2" falsecount="0"/>
        <line num="190" count="2" type="stmt"/>
        <line num="202" count="3" type="cond" truecount="2" falsecount="0"/>
        <line num="203" count="3" type="stmt"/>
        <line num="220" count="3" type="cond" truecount="4" falsecount="0"/>
        <line num="221" count="1" type="stmt"/>
        <line num="222" count="1" type="stmt"/>
        <line num="231" count="8" type="stmt"/>
        <line num="236" count="8" type="stmt"/>
        <line num="237" count="8" type="cond" truecount="1" falsecount="1"/>
        <line num="238" count="8" type="stmt"/>
        <line num="242" count="3" type="cond" truecount="1" falsecount="1"/>
        <line num="246" count="3" type="stmt"/>
        <line num="250" count="8" type="stmt"/>
        <line num="258" count="4" type="cond" truecount="1" falsecount="1"/>
        <line num="259" count="4" type="stmt"/>
        <line num="260" count="4" type="stmt"/>
        <line num="277" count="4" type="cond" truecount="4" falsecount="0"/>
        <line num="278" count="2" type="stmt"/>
        <line num="279" count="2" type="stmt"/>
        <line num="282" count="0" type="stmt"/>
        <line num="292" count="2" type="stmt"/>
        <line num="294" count="3" type="stmt"/>
        <line num="296" count="2" type="stmt"/>
        <line num="297" count="2" type="stmt"/>
        <line num="298" count="3" type="stmt"/>
        <line num="301" count="2" type="stmt"/>
        <line num="318" count="2" type="cond" truecount="3" falsecount="1"/>
        <line num="319" count="2" type="stmt"/>
        <line num="320" count="21" type="stmt"/>
        <line num="325" count="24" type="stmt"/>
        <line num="339" count="3" type="cond" truecount="1" falsecount="1"/>
        <line num="340" count="3" type="stmt"/>
        <line num="341" count="24" type="stmt"/>
        <line num="342" count="24" type="stmt"/>
        <line num="356" count="3" type="stmt"/>
        <line num="364" count="24" type="stmt"/>
        <line num="365" count="24" type="stmt"/>
        <line num="366" count="441" type="stmt"/>
        <line num="367" count="441" type="stmt"/>
        <line num="369" count="24" type="stmt"/>
        <line num="378" count="24" type="stmt"/>
        <line num="379" count="24" type="cond" truecount="1" falsecount="1"/>
        <line num="380" count="24" type="stmt"/>
        <line num="381" count="379" type="stmt"/>
        <line num="382" count="379" type="stmt"/>
        <line num="383" count="2235" type="stmt"/>
        <line num="385" count="379" type="stmt"/>
        <line num="386" count="379" type="stmt"/>
        <line num="389" count="9216" type="cond" truecount="1" falsecount="1"/>
        <line num="390" count="9216" type="stmt"/>
      </file>
      <file name="episode-engine.ts" path="/home/alex_rod/projects/lexRAG-MCP/src/engines/episode-engine.ts">
        <metrics statements="91" coveredstatements="1" conditionals="87" coveredconditionals="0" methods="21" coveredmethods="1"/>
        <line num="50" count="57" type="stmt"/>
        <line num="53" count="0" type="stmt"/>
        <line num="54" count="0" type="stmt"/>
        <line num="55" count="0" type="cond" truecount="0" falsecount="2"/>
        <line num="57" count="0" type="stmt"/>
        <line num="88" count="0" type="stmt"/>
        <line num="89" count="0" type="stmt"/>
        <line num="101" count="0" type="stmt"/>
        <line num="107" count="0" type="stmt"/>
        <line num="111" count="0" type="stmt"/>
        <line num="115" count="0" type="stmt"/>
        <line num="120" count="0" type="cond" truecount="0" falsecount="2"/>
        <line num="121" count="0" type="stmt"/>
        <line num="122" count="0" type="stmt"/>
        <line num="124" count="0" type="cond" truecount="0" falsecount="2"/>
        <line num="125" count="0" type="stmt"/>
        <line num="126" count="0" type="stmt"/>
        <line num="128" count="0" type="cond" truecount="0" falsecount="2"/>
        <line num="129" count="0" type="stmt"/>
        <line num="130" count="0" type="stmt"/>
        <line num="132" count="0" type="cond" truecount="0" falsecount="2"/>
        <line num="133" count="0" type="stmt"/>
        <line num="134" count="0" type="stmt"/>
        <line num="137" count="0" type="stmt"/>
        <line num="146" count="0" type="stmt"/>
        <line num="147" count="0" type="stmt"/>
        <line num="148" count="0" type="stmt"/>
        <line num="150" count="0" type="stmt"/>
        <line num="151" count="0" type="cond" truecount="0" falsecount="2"/>
        <line num="152" count="0" type="stmt"/>
        <line num="154" count="0" type="stmt"/>
        <line num="155" count="0" type="stmt"/>
        <line num="156" count="0" type="stmt"/>
        <line num="158" count="0" type="stmt"/>
        <line num="159" count="0" type="stmt"/>
        <line num="161" count="0" type="cond" truecount="0" falsecount="2"/>
        <line num="163" count="0" type="cond" truecount="0" falsecount="2"/>
        <line num="168" count="0" type="stmt"/>
        <line num="170" count="0" type="stmt"/>
        <line num="173" count="0" type="stmt"/>
        <line num="174" count="0" type="cond" truecount="0" falsecount="4"/>
        <line num="179" count="0" type="stmt"/>
        <line num="188" count="0" type="stmt"/>
        <line num="196" count="0" type="stmt"/>
        <line num="197" count="0" type="stmt"/>
        <line num="198" count="0" type="cond" truecount="0" falsecount="2"/>
        <line num="199" count="0" type="cond" truecount="0" falsecount="2"/>
        <line num="203" count="0" type="stmt"/>
        <line num="204" count="0" type="stmt"/>
        <line num="206" count="0" type="stmt"/>
        <line num="208" count="0" type="cond" truecount="0" falsecount="2"/>
        <line num="211" count="0" type="stmt"/>
        <line num="215" count="0" type="stmt"/>
        <line num="222" count="0" type="stmt"/>
        <line num="229" count="0" type="stmt"/>
        <line num="230" count="0" type="stmt"/>
        <line num="231" count="0" type="stmt"/>
        <line num="232" count="0" type="stmt"/>
        <line num="234" count="0" type="stmt"/>
        <line num="253" count="0" type="stmt"/>
        <line num="264" count="0" type="stmt"/>
        <line num="267" count="0" type="stmt"/>
        <line num="281" count="0" type="stmt"/>
        <line num="293" count="0" type="stmt"/>
        <line num="294" count="0" type="cond" truecount="0" falsecount="2"/>
        <line num="295" count="0" type="stmt"/>
        <line num="298" count="0" type="stmt"/>
        <line num="310" count="0" type="cond" truecount="0" falsecount="3"/>
        <line num="312" count="0" type="cond" truecount="0" falsecount="5"/>
        <line num="315" count="0" type="cond" truecount="0" falsecount="4"/>
        <line num="316" count="0" type="stmt"/>
        <line num="319" count="0" type="stmt"/>
        <line num="327" count="0" type="stmt"/>
        <line num="338" count="0" type="cond" truecount="0" falsecount="4"/>
        <line num="339" count="0" type="stmt"/>
        <line num="342" count="0" type="stmt"/>
        <line num="343" count="0" type="stmt"/>
        <line num="345" count="0" type="stmt"/>
        <line num="350" count="0" type="stmt"/>
        <line num="354" count="0" type="stmt"/>
        <line num="359" count="0" type="cond" truecount="0" falsecount="4"/>
        <line num="360" count="0" type="stmt"/>
        <line num="362" count="0" type="cond" truecount="0" falsecount="4"/>
        <line num="363" count="0" type="stmt"/>
        <line num="366" count="0" type="stmt"/>
        <line num="367" count="0" type="stmt"/>
        <line num="368" count="0" type="cond" truecount="0" falsecount="2"/>
        <line num="369" count="0" type="stmt"/>
        <line num="372" count="0" type="stmt"/>
        <line num="373" count="0" type="cond" truecount="0" falsecount="2"/>
        <line num="377" count="0" type="stmt"/>
      </file>
      <file name="progress-engine.ts" path="/home/alex_rod/projects/lexRAG-MCP/src/engines/progress-engine.ts">
        <metrics statements="144" coveredstatements="100" conditionals="126" coveredconditionals="56" methods="33" coveredmethods="23"/>
        <line num="67" count="62" type="stmt"/>
        <line num="68" count="62" type="stmt"/>
        <line num="69" count="62" type="stmt"/>
        <line num="70" count="62" type="stmt"/>
        <line num="71" count="62" type="stmt"/>
        <line num="79" count="72" type="stmt"/>
        <line num="80" count="72" type="stmt"/>
        <line num="81" count="8" type="stmt"/>
        <line num="95" count="72" type="stmt"/>
        <line num="96" count="72" type="stmt"/>
        <line num="97" count="14" type="stmt"/>
        <line num="112" count="72" type="stmt"/>
        <line num="113" count="14" type="cond" truecount="1" falsecount="1"/>
        <line num="114" count="14" type="stmt"/>
        <line num="115" count="14" type="cond" truecount="3" falsecount="1"/>
        <line num="116" count="0" type="stmt"/>
        <line num="133" count="2" type="stmt"/>
        <line num="135" count="2" type="cond" truecount="2" falsecount="0"/>
        <line num="136" count="1" type="stmt"/>
        <line num="137" count="1" type="cond" truecount="2" falsecount="2"/>
        <line num="138" count="1" type="stmt"/>
        <line num="140" count="1" type="cond" truecount="1" falsecount="1"/>
        <line num="141" count="1" type="stmt"/>
        <line num="142" count="2" type="cond" truecount="2" falsecount="2"/>
        <line num="143" count="2" type="cond" truecount="2" falsecount="2"/>
        <line num="144" count="2" type="cond" truecount="2" falsecount="2"/>
        <line num="145" count="2" type="stmt"/>
        <line num="150" count="3" type="stmt"/>
        <line num="151" count="3" type="stmt"/>
        <line num="152" count="3" type="stmt"/>
        <line num="154" count="2" type="stmt"/>
        <line num="167" count="2" type="stmt"/>
        <line num="168" count="2" type="cond" truecount="1" falsecount="1"/>
        <line num="170" count="2" type="stmt"/>
        <line num="172" count="2" type="cond" truecount="2" falsecount="0"/>
        <line num="173" count="1" type="stmt"/>
        <line num="174" count="1" type="cond" truecount="3" falsecount="1"/>
        <line num="175" count="1" type="stmt"/>
        <line num="178" count="2" type="stmt"/>
        <line num="185" count="1" type="stmt"/>
        <line num="186" count="1" type="cond" truecount="1" falsecount="1"/>
        <line num="189" count="1" type="stmt"/>
        <line num="190" count="2" type="stmt"/>
        <line num="194" count="1" type="stmt"/>
        <line num="195" count="1" type="stmt"/>
        <line num="197" count="1" type="stmt"/>
        <line num="198" count="1" type="stmt"/>
        <line num="199" count="1" type="stmt"/>
        <line num="200" count="1" type="cond" truecount="3" falsecount="1"/>
        <line num="201" count="1" type="stmt"/>
        <line num="206" count="1" type="stmt"/>
        <line num="207" count="1" type="stmt"/>
        <line num="209" count="1" type="stmt"/>
        <line num="210" count="1" type="stmt"/>
        <line num="211" count="1" type="stmt"/>
        <line num="212" count="1" type="cond" truecount="1" falsecount="1"/>
        <line num="214" count="1" type="stmt"/>
        <line num="216" count="2" type="stmt"/>
        <line num="217" count="1" type="stmt"/>
        <line num="218" count="2" type="stmt"/>
        <line num="219" count="2" type="cond" truecount="1" falsecount="1"/>
        <line num="220" count="2" type="cond" truecount="2" falsecount="0"/>
        <line num="221" count="2" type="cond" truecount="2" falsecount="0"/>
        <line num="226" count="1" type="stmt"/>
        <line num="227" count="1" type="stmt"/>
        <line num="229" count="1" type="stmt"/>
        <line num="230" count="1" type="stmt"/>
        <line num="231" count="1" type="stmt"/>
        <line num="232" count="1" type="stmt"/>
        <line num="238" count="1" type="stmt"/>
        <line num="239" count="1" type="stmt"/>
        <line num="241" count="1" type="stmt"/>
        <line num="242" count="1" type="stmt"/>
        <line num="243" count="1" type="stmt"/>
        <line num="244" count="1" type="stmt"/>
        <line num="251" count="2" type="stmt"/>
        <line num="254" count="2" type="stmt"/>
        <line num="256" count="1" type="cond" truecount="1" falsecount="1"/>
        <line num="258" count="1" type="stmt"/>
        <line num="279" count="0" type="stmt"/>
        <line num="280" count="0" type="stmt"/>
        <line num="283" count="0" type="cond" truecount="0" falsecount="2"/>
        <line num="284" count="0" type="cond" truecount="0" falsecount="2"/>
        <line num="287" count="0" type="cond" truecount="0" falsecount="2"/>
        <line num="288" count="0" type="stmt"/>
        <line num="289" count="0" type="cond" truecount="0" falsecount="2"/>
        <line num="290" count="0" type="cond" truecount="0" falsecount="2"/>
        <line num="294" count="0" type="stmt"/>
        <line num="302" count="1" type="cond" truecount="3" falsecount="1"/>
        <line num="303" count="1" type="stmt"/>
        <line num="308" count="0" type="stmt"/>
        <line num="310" count="0" type="stmt"/>
        <line num="311" count="0" type="stmt"/>
        <line num="327" count="0" type="cond" truecount="0" falsecount="2"/>
        <line num="328" count="0" type="stmt"/>
        <line num="334" count="0" type="stmt"/>
        <line num="335" count="0" type="stmt"/>
        <line num="338" count="0" type="stmt"/>
        <line num="340" count="0" type="stmt"/>
        <line num="351" count="0" type="cond" truecount="0" falsecount="4"/>
        <line num="352" count="0" type="stmt"/>
        <line num="357" count="0" type="stmt"/>
        <line num="358" count="0" type="stmt"/>
        <line num="377" count="0" type="cond" truecount="0" falsecount="2"/>
        <line num="378" count="0" type="stmt"/>
        <line num="384" count="0" type="stmt"/>
        <line num="385" count="0" type="stmt"/>
        <line num="386" count="0" type="stmt"/>
        <line num="388" count="0" type="stmt"/>
        <line num="401" count="1" type="cond" truecount="3" falsecount="1"/>
        <line num="402" count="0" type="stmt"/>
        <line num="405" count="1" type="stmt"/>
        <line num="406" count="1" type="stmt"/>
        <line num="424" count="1" type="stmt"/>
        <line num="428" count="1" type="stmt"/>
        <line num="430" count="0" type="stmt"/>
        <line num="431" count="0" type="stmt"/>
        <line num="442" count="0" type="cond" truecount="0" falsecount="4"/>
        <line num="443" count="0" type="stmt"/>
        <line num="446" count="0" type="stmt"/>
        <line num="447" count="0" type="stmt"/>
        <line num="465" count="0" type="stmt"/>
        <line num="469" count="0" type="stmt"/>
        <line num="471" count="0" type="stmt"/>
        <line num="475" count="0" type="stmt"/>
        <line num="484" count="10" type="stmt"/>
        <line num="486" count="10" type="stmt"/>
        <line num="487" count="10" type="stmt"/>
        <line num="488" count="10" type="stmt"/>
        <line num="489" count="10" type="stmt"/>
        <line num="492" count="10" type="cond" truecount="1" falsecount="1"/>
        <line num="493" count="10" type="stmt"/>
        <line num="494" count="2" type="cond" truecount="2" falsecount="0"/>
        <line num="495" count="1" type="stmt"/>
        <line num="499" count="10" type="stmt"/>
        <line num="500" count="3" type="cond" truecount="2" falsecount="0"/>
        <line num="501" count="1" type="stmt"/>
        <line num="506" count="10" type="stmt"/>
        <line num="507" count="10" type="stmt"/>
        <line num="508" count="10" type="stmt"/>
        <line num="515" count="0" type="stmt"/>
        <line num="522" count="0" type="stmt"/>
        <line num="526" count="0" type="stmt"/>
        <line num="529" count="0" type="stmt"/>
      </file>
      <file name="test-engine.ts" path="/home/alex_rod/projects/lexRAG-MCP/src/engines/test-engine.ts">
        <metrics statements="133" coveredstatements="13" conditionals="94" coveredconditionals="0" methods="22" coveredmethods="3"/>
        <line num="42" count="57" type="stmt"/>
        <line num="43" count="57" type="stmt"/>
        <line num="44" count="57" type="stmt"/>
        <line num="45" count="57" type="stmt"/>
        <line num="52" count="66" type="stmt"/>
        <line num="54" count="66" type="stmt"/>
        <line num="55" count="0" type="stmt"/>
        <line num="56" count="0" type="stmt"/>
        <line num="57" count="0" type="stmt"/>
        <line num="58" count="0" type="stmt"/>
        <line num="61" count="0" type="stmt"/>
        <line num="63" count="0" type="stmt"/>
        <line num="66" count="0" type="stmt"/>
        <line num="67" count="0" type="stmt"/>
        <line num="69" count="0" type="stmt"/>
        <line num="71" count="0" type="stmt"/>
        <line num="72" count="0" type="stmt"/>
        <line num="73" count="0" type="cond" truecount="0" falsecount="2"/>
        <line num="76" count="0" type="cond" truecount="0" falsecount="2"/>
        <line num="77" count="0" type="stmt"/>
        <line num="81" count="0" type="stmt"/>
        <line num="83" count="0" type="stmt"/>
        <line num="84" count="0" type="stmt"/>
        <line num="85" count="0" type="stmt"/>
        <line num="86" count="0" type="cond" truecount="0" falsecount="4"/>
        <line num="87" count="0" type="stmt"/>
        <line num="95" count="0" type="stmt"/>
        <line num="96" count="0" type="stmt"/>
        <line num="98" count="0" type="stmt"/>
        <line num="99" count="0" type="stmt"/>
        <line num="100" count="0" type="stmt"/>
        <line num="101" count="0" type="cond" truecount="0" falsecount="2"/>
        <line num="105" count="0" type="stmt"/>
        <line num="107" count="0" type="stmt"/>
        <line num="114" count="0" type="stmt"/>
        <line num="115" count="0" type="stmt"/>
        <line num="130" count="0" type="cond" truecount="0" falsecount="2"/>
        <line num="131" count="0" type="cond" truecount="0" falsecount="2"/>
        <line num="132" count="0" type="cond" truecount="0" falsecount="2"/>
        <line num="133" count="0" type="stmt"/>
        <line num="144" count="0" type="stmt"/>
        <line num="145" count="0" type="stmt"/>
        <line num="148" count="0" type="stmt"/>
        <line num="151" count="0" type="stmt"/>
        <line num="152" count="0" type="stmt"/>
        <line num="153" count="0" type="stmt"/>
        <line num="154" count="0" type="cond" truecount="0" falsecount="2"/>
        <line num="157" count="0" type="cond" truecount="0" falsecount="4"/>
        <line num="158" count="0" type="stmt"/>
        <line num="161" count="0" type="cond" truecount="0" falsecount="2"/>
        <line num="162" count="0" type="stmt"/>
        <line num="163" count="0" type="stmt"/>
        <line num="164" count="0" type="stmt"/>
        <line num="168" count="0" type="cond" truecount="0" falsecount="2"/>
        <line num="172" count="0" type="stmt"/>
        <line num="173" count="0" type="stmt"/>
        <line num="174" count="0" type="stmt"/>
        <line num="181" count="0" type="cond" truecount="0" falsecount="2"/>
        <line num="182" count="0" type="stmt"/>
        <line num="183" count="0" type="stmt"/>
        <line num="184" count="0" type="stmt"/>
        <line num="189" count="0" type="stmt"/>
        <line num="190" count="0" type="stmt"/>
        <line num="191" count="0" type="cond" truecount="0" falsecount="2"/>
        <line num="194" count="0" type="stmt"/>
        <line num="195" count="0" type="stmt"/>
        <line num="196" count="0" type="stmt"/>
        <line num="197" count="0" type="cond" truecount="0" falsecount="2"/>
        <line num="200" count="0" type="stmt"/>
        <line num="221" count="0" type="stmt"/>
        <line num="222" count="0" type="cond" truecount="0" falsecount="2"/>
        <line num="225" count="0" type="stmt"/>
        <line num="226" count="0" type="cond" truecount="0" falsecount="2"/>
        <line num="230" count="0" type="cond" truecount="0" falsecount="4"/>
        <line num="231" count="0" type="stmt"/>
        <line num="235" count="0" type="stmt"/>
        <line num="247" count="0" type="stmt"/>
        <line num="249" count="0" type="cond" truecount="0" falsecount="2"/>
        <line num="254" count="0" type="cond" truecount="0" falsecount="2"/>
        <line num="258" count="0" type="stmt"/>
        <line num="262" count="0" type="cond" truecount="0" falsecount="2"/>
        <line num="263" count="0" type="cond" truecount="0" falsecount="2"/>
        <line num="264" count="0" type="stmt"/>
        <line num="270" count="0" type="stmt"/>
        <line num="277" count="0" type="stmt"/>
        <line num="281" count="0" type="stmt"/>
        <line num="282" count="0" type="cond" truecount="0" falsecount="2"/>
        <line num="283" count="0" type="stmt"/>
        <line num="287" count="0" type="stmt"/>
        <line num="288" count="0" type="stmt"/>
        <line num="289" count="0" type="cond" truecount="0" falsecount="4"/>
        <line num="290" count="0" type="stmt"/>
        <line num="294" count="0" type="stmt"/>
        <line num="302" count="0" type="stmt"/>
        <line num="303" count="0" type="stmt"/>
        <line num="304" count="0" type="stmt"/>
        <line num="313" count="0" type="stmt"/>
        <line num="314" count="0" type="stmt"/>
        <line num="315" count="0" type="stmt"/>
        <line num="317" count="0" type="stmt"/>
        <line num="318" count="0" type="stmt"/>
        <line num="319" count="0" type="cond" truecount="0" falsecount="2"/>
        <line num="321" count="0" type="cond" truecount="0" falsecount="2"/>
        <line num="322" count="0" type="cond" truecount="0" falsecount="2"/>
        <line num="323" count="0" type="cond" truecount="0" falsecount="2"/>
        <line num="326" count="0" type="cond" truecount="0" falsecount="6"/>
        <line num="331" count="0" type="stmt"/>
        <line num="334" count="0" type="cond" truecount="0" falsecount="2"/>
        <line num="341" count="0" type="stmt"/>
        <line num="349" count="9" type="stmt"/>
        <line num="351" count="9" type="stmt"/>
        <line num="352" count="9" type="stmt"/>
        <line num="353" count="9" type="stmt"/>
        <line num="354" count="9" type="stmt"/>
        <line num="356" count="9" type="stmt"/>
        <line num="357" count="9" type="stmt"/>
        <line num="371" count="0" type="stmt"/>
        <line num="372" count="0" type="stmt"/>
        <line num="373" count="0" type="stmt"/>
        <line num="374" count="0" type="stmt"/>
        <line num="375" count="0" type="stmt"/>
        <line num="377" count="0" type="stmt"/>
        <line num="378" count="0" type="cond" truecount="0" falsecount="4"/>
        <line num="380" count="0" type="stmt"/>
        <line num="381" count="0" type="stmt"/>
        <line num="383" count="0" type="stmt"/>
        <line num="384" count="0" type="stmt"/>
        <line num="386" count="0" type="stmt"/>
        <line num="387" count="0" type="stmt"/>
        <line num="389" count="0" type="stmt"/>
        <line num="390" count="0" type="stmt"/>
        <line num="392" count="0" type="stmt"/>
        <line num="395" count="0" type="stmt"/>
      </file>
    </package>
    <package name="src.graph">
      <metrics statements="873" coveredstatements="456" conditionals="663" coveredconditionals="225" methods="175" coveredmethods="106"/>
      <file name="builder.ts" path="/home/alex_rod/projects/lexRAG-MCP/src/graph/builder.ts">
        <metrics statements="110" coveredstatements="67" conditionals="113" coveredconditionals="43" methods="24" coveredmethods="15"/>
        <line num="74" count="57" type="stmt"/>
        <line num="75" count="57" type="stmt"/>
        <line num="87" count="57" type="stmt"/>
        <line num="89" count="57" type="stmt"/>
        <line num="91" count="57" type="cond" truecount="3" falsecount="0"/>
        <line num="92" count="57" type="cond" truecount="2" falsecount="0"/>
        <line num="96" count="32" type="stmt"/>
        <line num="113" count="3" type="stmt"/>
        <line num="114" count="3" type="cond" truecount="2" falsecount="0"/>
        <line num="115" count="1" type="cond" truecount="1" falsecount="1"/>
        <line num="117" count="1" type="cond" truecount="1" falsecount="1"/>
        <line num="118" count="1" type="stmt"/>
        <line num="123" count="6" type="cond" truecount="1" falsecount="1"/>
        <line num="125" count="6" type="stmt"/>
        <line num="129" count="0" type="stmt"/>
        <line num="133" count="22" type="stmt"/>
        <line num="137" count="2" type="stmt"/>
        <line num="138" count="2" type="stmt"/>
        <line num="141" count="2" type="stmt"/>
        <line num="144" count="2" type="stmt"/>
        <line num="145" count="1" type="stmt"/>
        <line num="149" count="2" type="stmt"/>
        <line num="152" count="2" type="stmt"/>
        <line num="153" count="1" type="stmt"/>
        <line num="157" count="2" type="stmt"/>
        <line num="158" count="0" type="stmt"/>
        <line num="162" count="2" type="stmt"/>
        <line num="163" count="2" type="stmt"/>
        <line num="167" count="2" type="stmt"/>
        <line num="169" count="2" type="stmt"/>
        <line num="174" count="2" type="cond" truecount="1" falsecount="1"/>
        <line num="176" count="2" type="stmt"/>
        <line num="177" count="2" type="cond" truecount="1" falsecount="1"/>
        <line num="178" count="2" type="stmt"/>
        <line num="180" count="2" type="stmt"/>
        <line num="215" count="2" type="stmt"/>
        <line num="218" count="2" type="stmt"/>
        <line num="219" count="2" type="stmt"/>
        <line num="222" count="2" type="stmt"/>
        <line num="240" count="8" type="stmt"/>
        <line num="241" count="8" type="cond" truecount="1" falsecount="1"/>
        <line num="242" count="8" type="stmt"/>
        <line num="244" count="8" type="stmt"/>
        <line num="259" count="8" type="stmt"/>
        <line num="260" count="8" type="cond" truecount="2" falsecount="0"/>
        <line num="261" count="6" type="stmt"/>
        <line num="264" count="6" type="stmt"/>
        <line num="279" count="1" type="stmt"/>
        <line num="282" count="1" type="cond" truecount="1" falsecount="1"/>
        <line num="283" count="1" type="stmt"/>
        <line num="285" count="1" type="stmt"/>
        <line num="327" count="1" type="stmt"/>
        <line num="340" count="1" type="cond" truecount="1" falsecount="1"/>
        <line num="341" count="1" type="stmt"/>
        <line num="352" count="0" type="stmt"/>
        <line num="353" count="0" type="cond" truecount="0" falsecount="2"/>
        <line num="354" count="0" type="stmt"/>
        <line num="356" count="0" type="stmt"/>
        <line num="390" count="0" type="stmt"/>
        <line num="403" count="0" type="cond" truecount="0" falsecount="2"/>
        <line num="404" count="0" type="stmt"/>
        <line num="422" count="0" type="cond" truecount="0" falsecount="2"/>
        <line num="423" count="0" type="stmt"/>
        <line num="424" count="0" type="stmt"/>
        <line num="442" count="0" type="cond" truecount="0" falsecount="2"/>
        <line num="443" count="0" type="stmt"/>
        <line num="454" count="1" type="stmt"/>
        <line num="455" count="1" type="cond" truecount="1" falsecount="1"/>
        <line num="456" count="1" type="stmt"/>
        <line num="458" count="1" type="stmt"/>
        <line num="478" count="1" type="stmt"/>
        <line num="492" count="0" type="stmt"/>
        <line num="493" count="0" type="cond" truecount="0" falsecount="2"/>
        <line num="494" count="0" type="stmt"/>
        <line num="496" count="0" type="stmt"/>
        <line num="524" count="0" type="stmt"/>
        <line num="537" count="0" type="stmt"/>
        <line num="541" count="0" type="cond" truecount="0" falsecount="2"/>
        <line num="542" count="0" type="stmt"/>
        <line num="562" count="2" type="stmt"/>
        <line num="563" count="2" type="cond" truecount="1" falsecount="1"/>
        <line num="564" count="2" type="stmt"/>
        <line num="566" count="2" type="stmt"/>
        <line num="584" count="2" type="stmt"/>
        <line num="598" count="2" type="cond" truecount="2" falsecount="0"/>
        <line num="599" count="2" type="cond" truecount="2" falsecount="0"/>
        <line num="600" count="2" type="cond" truecount="3" falsecount="1"/>
        <line num="603" count="0" type="cond" truecount="0" falsecount="2"/>
        <line num="607" count="2" type="stmt"/>
        <line num="608" count="0" type="stmt"/>
        <line num="609" count="0" type="cond" truecount="0" falsecount="2"/>
        <line num="610" count="0" type="stmt"/>
        <line num="613" count="0" type="stmt"/>
        <line num="637" count="0" type="stmt"/>
        <line num="651" count="2" type="stmt"/>
        <line num="652" count="0" type="stmt"/>
        <line num="653" count="0" type="cond" truecount="0" falsecount="2"/>
        <line num="654" count="0" type="stmt"/>
        <line num="657" count="0" type="stmt"/>
        <line num="677" count="0" type="cond" truecount="0" falsecount="2"/>
        <line num="678" count="0" type="stmt"/>
        <line num="679" count="0" type="stmt"/>
        <line num="693" count="0" type="stmt"/>
        <line num="708" count="0" type="cond" truecount="0" falsecount="2"/>
        <line num="709" count="0" type="stmt"/>
        <line num="710" count="0" type="stmt"/>
        <line num="716" count="0" type="stmt"/>
        <line num="717" count="0" type="cond" truecount="0" falsecount="2"/>
        <line num="718" count="0" type="stmt"/>
        <line num="721" count="0" type="stmt"/>
      </file>
      <file name="cache.ts" path="/home/alex_rod/projects/lexRAG-MCP/src/graph/cache.ts">
        <metrics statements="31" coveredstatements="17" conditionals="11" coveredconditionals="4" methods="10" coveredmethods="6"/>
        <line num="26" count="55" type="stmt"/>
        <line num="27" count="55" type="stmt"/>
        <line num="31" count="55" type="stmt"/>
        <line num="32" count="55" type="cond" truecount="1" falsecount="1"/>
        <line num="33" count="55" type="stmt"/>
        <line num="34" count="55" type="stmt"/>
        <line num="37" count="0" type="stmt"/>
        <line num="40" count="0" type="stmt"/>
        <line num="51" count="2" type="stmt"/>
        <line num="52" count="2" type="stmt"/>
        <line num="53" count="2" type="cond" truecount="1" falsecount="1"/>
        <line num="54" count="0" type="stmt"/>
        <line num="56" count="2" type="stmt"/>
        <line num="57" count="2" type="stmt"/>
        <line num="59" count="0" type="stmt"/>
        <line num="67" count="2" type="stmt"/>
        <line num="68" count="2" type="stmt"/>
        <line num="80" count="2" type="stmt"/>
        <line num="81" count="2" type="stmt"/>
        <line num="88" count="2" type="stmt"/>
        <line num="89" count="2" type="cond" truecount="1" falsecount="1"/>
        <line num="98" count="0" type="stmt"/>
        <line num="100" count="0" type="stmt"/>
        <line num="102" count="0" type="stmt"/>
        <line num="103" count="0" type="stmt"/>
        <line num="104" count="0" type="cond" truecount="0" falsecount="4"/>
        <line num="105" count="0" type="stmt"/>
        <line num="109" count="0" type="stmt"/>
        <line num="116" count="0" type="stmt"/>
        <line num="131" count="0" type="stmt"/>
        <line num="142" count="0" type="stmt"/>
      </file>
      <file name="client.ts" path="/home/alex_rod/projects/lexRAG-MCP/src/graph/client.ts">
        <metrics statements="99" coveredstatements="68" conditionals="70" coveredconditionals="39" methods="16" coveredmethods="13"/>
        <line num="24" count="7" type="stmt"/>
        <line num="25" count="7" type="stmt"/>
        <line num="28" count="7" type="stmt"/>
        <line num="35" count="7" type="stmt"/>
        <line num="37" count="7" type="stmt"/>
        <line num="39" count="7" type="stmt"/>
        <line num="43" count="1" type="stmt"/>
        <line num="45" count="1" type="stmt"/>
        <line num="46" count="1" type="stmt"/>
        <line num="47" count="0" type="stmt"/>
        <line num="48" count="0" type="stmt"/>
        <line num="49" count="0" type="stmt"/>
        <line num="51" count="1" type="cond" truecount="1" falsecount="1"/>
        <line num="52" count="1" type="stmt"/>
        <line num="56" count="1" type="stmt"/>
        <line num="57" count="1" type="stmt"/>
        <line num="58" count="1" type="stmt"/>
        <line num="60" count="1" type="stmt"/>
        <line num="61" count="1" type="stmt"/>
        <line num="62" count="1" type="stmt"/>
        <line num="63" count="1" type="stmt"/>
        <line num="64" count="1" type="stmt"/>
        <line num="65" count="1" type="stmt"/>
        <line num="68" count="0" type="stmt"/>
        <line num="69" count="0" type="stmt"/>
        <line num="70" count="0" type="stmt"/>
        <line num="75" count="7" type="stmt"/>
        <line num="76" count="7" type="stmt"/>
        <line num="82" count="7" type="stmt"/>
        <line num="90" count="1" type="cond" truecount="3" falsecount="1"/>
        <line num="91" count="0" type="stmt"/>
        <line num="94" count="1" type="cond" truecount="1" falsecount="1"/>
        <line num="95" count="1" type="stmt"/>
        <line num="99" count="0" type="cond" truecount="0" falsecount="2"/>
        <line num="100" count="0" type="stmt"/>
        <line num="101" count="0" type="stmt"/>
        <line num="102" count="0" type="stmt"/>
        <line num="110" count="4" type="cond" truecount="2" falsecount="0"/>
        <line num="111" count="1" type="stmt"/>
        <line num="114" count="1" type="stmt"/>
        <line num="115" count="1" type="stmt"/>
        <line num="117" count="1" type="stmt"/>
        <line num="125" count="3" type="stmt"/>
        <line num="126" count="2" type="cond" truecount="2" falsecount="0"/>
        <line num="129" count="3" type="stmt"/>
        <line num="130" count="4" type="stmt"/>
        <line num="131" count="4" type="stmt"/>
        <line num="132" count="4" type="stmt"/>
        <line num="133" count="2" type="stmt"/>
        <line num="135" count="2" type="stmt"/>
        <line num="140" count="2" type="cond" truecount="1" falsecount="1"/>
        <line num="142" count="2" type="cond" truecount="2" falsecount="0"/>
        <line num="144" count="2" type="cond" truecount="2" falsecount="0"/>
        <line num="145" count="1" type="stmt"/>
        <line num="148" count="1" type="stmt"/>
        <line num="151" count="1" type="stmt"/>
        <line num="152" count="1" type="stmt"/>
        <line num="153" count="1" type="stmt"/>
        <line num="158" count="4" type="stmt"/>
        <line num="162" count="1" type="stmt"/>
        <line num="169" count="2" type="cond" truecount="1" falsecount="1"/>
        <line num="170" count="2" type="stmt"/>
        <line num="171" count="2" type="stmt"/>
        <line num="180" count="1" type="stmt"/>
        <line num="182" count="1" type="stmt"/>
        <line num="183" count="2" type="stmt"/>
        <line num="187" count="2" type="stmt"/>
        <line num="190" count="2" type="cond" truecount="2" falsecount="0"/>
        <line num="191" count="1" type="stmt"/>
        <line num="195" count="1" type="stmt"/>
        <line num="203" count="0" type="stmt"/>
        <line num="204" count="0" type="stmt"/>
        <line num="211" count="0" type="stmt"/>
        <line num="214" count="0" type="cond" truecount="0" falsecount="4"/>
        <line num="215" count="0" type="stmt"/>
        <line num="219" count="0" type="cond" truecount="0" falsecount="4"/>
        <line num="220" count="0" type="stmt"/>
        <line num="221" count="0" type="cond" truecount="0" falsecount="2"/>
        <line num="222" count="0" type="stmt"/>
        <line num="226" count="0" type="cond" truecount="0" falsecount="2"/>
        <line num="227" count="0" type="stmt"/>
        <line num="228" count="0" type="cond" truecount="0" falsecount="2"/>
        <line num="229" count="0" type="stmt"/>
        <line num="233" count="0" type="cond" truecount="0" falsecount="4"/>
        <line num="234" count="0" type="stmt"/>
        <line num="238" count="0" type="cond" truecount="0" falsecount="2"/>
        <line num="239" count="0" type="stmt"/>
        <line num="243" count="0" type="stmt"/>
        <line num="254" count="2" type="cond" truecount="2" falsecount="0"/>
        <line num="255" count="1" type="stmt"/>
        <line num="258" count="1" type="stmt"/>
        <line num="260" count="1" type="stmt"/>
        <line num="266" count="1" type="stmt"/>
        <line num="273" count="1" type="stmt"/>
        <line num="279" count="1" type="stmt"/>
        <line num="287" count="1" type="stmt"/>
        <line num="289" count="0" type="stmt"/>
        <line num="293" count="0" type="stmt"/>
        <line num="301" count="1" type="stmt"/>
      </file>
      <file name="docs-builder.ts" path="/home/alex_rod/projects/lexRAG-MCP/src/graph/docs-builder.ts">
        <metrics statements="30" coveredstatements="30" conditionals="11" coveredconditionals="5" methods="9" coveredmethods="9"/>
        <line num="27" count="49" type="stmt"/>
        <line num="29" count="49" type="stmt"/>
        <line num="31" count="49" type="cond" truecount="1" falsecount="2"/>
        <line num="32" count="49" type="cond" truecount="1" falsecount="1"/>
        <line num="51" count="52" type="stmt"/>
        <line num="52" count="52" type="stmt"/>
        <line num="54" count="52" type="stmt"/>
        <line num="56" count="52" type="stmt"/>
        <line num="57" count="52" type="stmt"/>
        <line num="58" count="202" type="stmt"/>
        <line num="59" count="202" type="stmt"/>
        <line num="60" count="202" type="stmt"/>
        <line num="61" count="202" type="stmt"/>
        <line num="65" count="52" type="stmt"/>
        <line num="66" count="151" type="stmt"/>
        <line num="70" count="52" type="stmt"/>
        <line num="71" count="202" type="stmt"/>
        <line num="72" count="202" type="stmt"/>
        <line num="73" count="313" type="stmt"/>
        <line num="77" count="52" type="stmt"/>
        <line num="83" count="52" type="stmt"/>
        <line num="116" count="202" type="stmt"/>
        <line num="143" count="202" type="stmt"/>
        <line num="154" count="151" type="stmt"/>
        <line num="178" count="313" type="stmt"/>
        <line num="181" count="313" type="stmt"/>
        <line num="198" count="313" type="stmt"/>
        <line num="213" count="313" type="stmt"/>
        <line num="219" count="52" type="stmt"/>
        <line num="223" count="404" type="stmt"/>
      </file>
      <file name="hybrid-retriever.ts" path="/home/alex_rod/projects/lexRAG-MCP/src/graph/hybrid-retriever.ts">
        <metrics statements="107" coveredstatements="61" conditionals="94" coveredconditionals="37" methods="33" coveredmethods="24"/>
        <line num="30" count="59" type="stmt"/>
        <line num="33" count="8" type="stmt"/>
        <line num="37" count="59" type="stmt"/>
        <line num="38" count="59" type="stmt"/>
        <line num="39" count="59" type="stmt"/>
        <line num="43" count="2" type="cond" truecount="1" falsecount="1"/>
        <line num="44" count="2" type="cond" truecount="1" falsecount="1"/>
        <line num="45" count="2" type="cond" truecount="2" falsecount="0"/>
        <line num="48" count="2" type="cond" truecount="3" falsecount="1"/>
        <line num="52" count="2" type="cond" truecount="2" falsecount="2"/>
        <line num="56" count="2" type="stmt"/>
        <line num="57" count="3" type="stmt"/>
        <line num="62" count="2" type="cond" truecount="3" falsecount="1"/>
        <line num="66" count="2" type="stmt"/>
        <line num="67" count="2" type="stmt"/>
        <line num="68" count="2" type="stmt"/>
        <line num="70" count="2" type="stmt"/>
        <line num="77" count="0" type="cond" truecount="0" falsecount="2"/>
        <line num="78" count="0" type="stmt"/>
        <line num="80" count="0" type="cond" truecount="0" falsecount="2"/>
        <line num="81" count="0" type="stmt"/>
        <line num="82" count="0" type="stmt"/>
        <line num="88" count="0" type="stmt"/>
        <line num="89" count="0" type="stmt"/>
        <line num="90" count="0" type="stmt"/>
        <line num="101" count="0" type="cond" truecount="0" falsecount="2"/>
        <line num="102" count="0" type="stmt"/>
        <line num="105" count="0" type="stmt"/>
        <line num="112" count="2" type="cond" truecount="1" falsecount="1"/>
        <line num="114" count="2" type="cond" truecount="1" falsecount="1"/>
        <line num="115" count="2" type="stmt"/>
        <line num="116" count="2" type="stmt"/>
        <line num="133" count="1" type="cond" truecount="3" falsecount="1"/>
        <line num="134" count="1" type="stmt"/>
        <line num="135" count="1" type="stmt"/>
        <line num="136" count="1" type="stmt"/>
        <line num="142" count="1" type="cond" truecount="2" falsecount="0"/>
        <line num="151" count="1" type="stmt"/>
        <line num="152" count="1" type="stmt"/>
        <line num="160" count="0" type="cond" truecount="0" falsecount="2"/>
        <line num="161" count="0" type="stmt"/>
        <line num="167" count="0" type="stmt"/>
        <line num="168" count="0" type="stmt"/>
        <line num="172" count="0" type="cond" truecount="0" falsecount="2"/>
        <line num="173" count="0" type="cond" truecount="0" falsecount="2"/>
        <line num="175" count="0" type="cond" truecount="0" falsecount="2"/>
        <line num="177" count="0" type="cond" truecount="0" falsecount="2"/>
        <line num="178" count="0" type="stmt"/>
        <line num="183" count="0" type="stmt"/>
        <line num="185" count="0" type="stmt"/>
        <line num="190" count="0" type="cond" truecount="0" falsecount="2"/>
        <line num="191" count="0" type="stmt"/>
        <line num="196" count="0" type="stmt"/>
        <line num="198" count="0" type="stmt"/>
        <line num="210" count="0" type="cond" truecount="0" falsecount="2"/>
        <line num="211" count="0" type="cond" truecount="0" falsecount="2"/>
        <line num="212" count="0" type="stmt"/>
        <line num="215" count="0" type="stmt"/>
        <line num="224" count="0" type="stmt"/>
        <line num="226" count="0" type="stmt"/>
        <line num="227" count="0" type="stmt"/>
        <line num="228" count="0" type="stmt"/>
        <line num="230" count="0" type="stmt"/>
        <line num="231" count="0" type="cond" truecount="0" falsecount="2"/>
        <line num="232" count="0" type="cond" truecount="0" falsecount="2"/>
        <line num="233" count="0" type="cond" truecount="0" falsecount="2"/>
        <line num="237" count="0" type="cond" truecount="0" falsecount="2"/>
        <line num="238" count="0" type="stmt"/>
        <line num="241" count="0" type="stmt"/>
        <line num="242" count="0" type="stmt"/>
        <line num="244" count="0" type="stmt"/>
        <line num="252" count="2" type="stmt"/>
        <line num="253" count="2" type="stmt"/>
        <line num="258" count="2" type="stmt"/>
        <line num="259" count="6" type="stmt"/>
        <line num="260" count="3" type="stmt"/>
        <line num="261" count="3" type="stmt"/>
        <line num="262" count="3" type="cond" truecount="2" falsecount="0"/>
        <line num="264" count="3" type="cond" truecount="2" falsecount="0"/>
        <line num="265" count="3" type="stmt"/>
        <line num="266" count="3" type="stmt"/>
        <line num="270" count="2" type="stmt"/>
        <line num="271" count="1" type="stmt"/>
        <line num="273" count="3" type="stmt"/>
        <line num="274" count="3" type="stmt"/>
        <line num="291" count="1" type="stmt"/>
        <line num="294" count="1" type="stmt"/>
        <line num="296" count="1" type="stmt"/>
        <line num="302" count="1" type="stmt"/>
        <line num="304" count="3" type="cond" truecount="1" falsecount="1"/>
        <line num="306" count="2" type="stmt"/>
        <line num="311" count="2" type="stmt"/>
        <line num="312" count="1" type="stmt"/>
        <line num="318" count="2" type="cond" truecount="3" falsecount="3"/>
        <line num="319" count="2" type="stmt"/>
        <line num="320" count="2" type="cond" truecount="1" falsecount="1"/>
        <line num="330" count="3" type="stmt"/>
        <line num="331" count="3" type="cond" truecount="1" falsecount="1"/>
        <line num="332" count="0" type="stmt"/>
        <line num="339" count="3" type="stmt"/>
        <line num="350" count="2" type="cond" truecount="1" falsecount="1"/>
        <line num="351" count="2" type="stmt"/>
        <line num="354" count="0" type="stmt"/>
        <line num="355" count="0" type="stmt"/>
        <line num="362" count="2" type="stmt"/>
        <line num="363" count="3" type="stmt"/>
        <line num="364" count="3" type="cond" truecount="1" falsecount="1"/>
      </file>
      <file name="index.ts" path="/home/alex_rod/projects/lexRAG-MCP/src/graph/index.ts">
        <metrics statements="48" coveredstatements="25" conditionals="22" coveredconditionals="17" methods="13" coveredmethods="6"/>
        <line num="36" count="127" type="stmt"/>
        <line num="54" count="74" type="cond" truecount="1" falsecount="1"/>
        <line num="55" count="0" type="stmt"/>
        <line num="58" count="74" type="stmt"/>
        <line num="60" count="74" type="stmt"/>
        <line num="62" count="74" type="cond" truecount="2" falsecount="0"/>
        <line num="63" count="63" type="stmt"/>
        <line num="65" count="74" type="stmt"/>
        <line num="67" count="74" type="stmt"/>
        <line num="68" count="74" type="cond" truecount="2" falsecount="0"/>
        <line num="81" count="32" type="stmt"/>
        <line num="83" count="32" type="cond" truecount="2" falsecount="0"/>
        <line num="84" count="27" type="stmt"/>
        <line num="86" count="32" type="stmt"/>
        <line num="88" count="32" type="cond" truecount="2" falsecount="0"/>
        <line num="89" count="22" type="stmt"/>
        <line num="91" count="32" type="stmt"/>
        <line num="93" count="32" type="cond" truecount="2" falsecount="0"/>
        <line num="94" count="20" type="stmt"/>
        <line num="96" count="32" type="stmt"/>
        <line num="98" count="32" type="stmt"/>
        <line num="99" count="32" type="stmt"/>
        <line num="107" count="259" type="cond" truecount="2" falsecount="0"/>
        <line num="114" count="21" type="stmt"/>
        <line num="121" count="10" type="cond" truecount="2" falsecount="0"/>
        <line num="128" count="0" type="cond" truecount="0" falsecount="2"/>
        <line num="135" count="0" type="cond" truecount="0" falsecount="2"/>
        <line num="142" count="3" type="stmt"/>
        <line num="149" count="0" type="stmt"/>
        <line num="150" count="0" type="stmt"/>
        <line num="151" count="0" type="stmt"/>
        <line num="152" count="0" type="stmt"/>
        <line num="153" count="0" type="stmt"/>
        <line num="154" count="0" type="stmt"/>
        <line num="166" count="0" type="stmt"/>
        <line num="173" count="0" type="stmt"/>
        <line num="181" count="0" type="stmt"/>
        <line num="182" count="0" type="stmt"/>
        <line num="185" count="0" type="stmt"/>
        <line num="186" count="0" type="stmt"/>
        <line num="187" count="0" type="stmt"/>
        <line num="188" count="0" type="stmt"/>
        <line num="195" count="0" type="stmt"/>
        <line num="196" count="0" type="stmt"/>
        <line num="197" count="0" type="stmt"/>
        <line num="198" count="0" type="stmt"/>
        <line num="204" count="0" type="stmt"/>
        <line num="211" count="0" type="stmt"/>
      </file>
      <file name="orchestrator.ts" path="/home/alex_rod/projects/lexRAG-MCP/src/graph/orchestrator.ts">
        <metrics statements="306" coveredstatements="150" conditionals="211" coveredconditionals="65" methods="51" coveredmethods="25"/>
        <line num="72" count="55" type="stmt"/>
        <line num="73" count="55" type="stmt"/>
        <line num="74" count="55" type="stmt"/>
        <line num="75" count="55" type="stmt"/>
        <line num="88" count="55" type="stmt"/>
        <line num="89" count="55" type="stmt"/>
        <line num="90" count="55" type="stmt"/>
        <line num="94" count="55" type="stmt"/>
        <line num="95" count="55" type="stmt"/>
        <line num="96" count="55" type="stmt"/>
        <line num="97" count="55" type="cond" truecount="1" falsecount="1"/>
        <line num="98" count="0" type="cond" truecount="0" falsecount="2"/>
        <line num="99" count="0" type="stmt"/>
        <line num="101" count="0" type="cond" truecount="0" falsecount="2"/>
        <line num="102" count="0" type="stmt"/>
        <line num="104" count="0" type="cond" truecount="0" falsecount="2"/>
        <line num="109" count="55" type="stmt"/>
        <line num="110" count="55" type="stmt"/>
        <line num="111" count="55" type="cond" truecount="1" falsecount="1"/>
        <line num="112" count="0" type="cond" truecount="0" falsecount="2"/>
        <line num="113" count="0" type="stmt"/>
        <line num="115" count="0" type="cond" truecount="0" falsecount="2"/>
        <line num="116" count="0" type="stmt"/>
        <line num="118" count="0" type="stmt"/>
        <line num="124" count="55" type="stmt"/>
        <line num="125" count="55" type="stmt"/>
        <line num="126" count="55" type="stmt"/>
        <line num="133" count="220" type="stmt"/>
        <line num="134" count="55" type="stmt"/>
        <line num="135" count="220" type="stmt"/>
        <line num="136" count="220" type="cond" truecount="3" falsecount="1"/>
        <line num="137" count="0" type="stmt"/>
        <line num="139" count="220" type="stmt"/>
        <line num="144" count="55" type="stmt"/>
        <line num="145" count="55" type="stmt"/>
        <line num="146" count="55" type="cond" truecount="1" falsecount="1"/>
        <line num="147" count="0" type="cond" truecount="0" falsecount="2"/>
        <line num="148" count="0" type="stmt"/>
        <line num="149" count="0" type="cond" truecount="0" falsecount="2"/>
        <line num="150" count="0" type="stmt"/>
        <line num="151" count="0" type="cond" truecount="0" falsecount="2"/>
        <line num="152" count="0" type="stmt"/>
        <line num="155" count="55" type="stmt"/>
        <line num="157" count="55" type="stmt"/>
        <line num="158" count="220" type="cond" truecount="1" falsecount="1"/>
        <line num="159" count="220" type="stmt"/>
        <line num="161" count="55" type="cond" truecount="1" falsecount="1"/>
        <line num="162" count="0" type="stmt"/>
        <line num="166" count="55" type="cond" truecount="1" falsecount="1"/>
        <line num="167" count="55" type="stmt"/>
        <line num="172" count="55" type="stmt"/>
        <line num="173" count="55" type="stmt"/>
        <line num="174" count="55" type="stmt"/>
        <line num="175" count="55" type="cond" truecount="1" falsecount="1"/>
        <line num="176" count="55" type="stmt"/>
        <line num="177" count="55" type="stmt"/>
        <line num="184" count="2" type="stmt"/>
        <line num="185" count="2" type="stmt"/>
        <line num="199" count="2" type="stmt"/>
        <line num="200" count="2" type="stmt"/>
        <line num="202" count="2" type="stmt"/>
        <line num="203" count="2" type="cond" truecount="1" falsecount="1"/>
        <line num="204" count="0" type="stmt"/>
        <line num="205" count="0" type="stmt"/>
        <line num="209" count="2" type="stmt"/>
        <line num="215" count="2" type="cond" truecount="1" falsecount="1"/>
        <line num="216" count="0" type="stmt"/>
        <line num="220" count="2" type="stmt"/>
        <line num="221" count="2" type="stmt"/>
        <line num="223" count="2" type="cond" truecount="1" falsecount="1"/>
        <line num="224" count="2" type="stmt"/>
        <line num="229" count="2" type="cond" truecount="1" falsecount="1"/>
        <line num="230" count="0" type="stmt"/>
        <line num="231" count="0" type="cond" truecount="0" falsecount="2"/>
        <line num="233" count="0" type="stmt"/>
        <line num="235" count="0" type="cond" truecount="0" falsecount="2"/>
        <line num="236" count="0" type="stmt"/>
        <line num="241" count="2" type="stmt"/>
        <line num="242" count="2" type="stmt"/>
        <line num="249" count="2" type="stmt"/>
        <line num="250" count="2" type="stmt"/>
        <line num="251" count="2" type="stmt"/>
        <line num="252" count="2" type="stmt"/>
        <line num="254" count="2" type="cond" truecount="1" falsecount="1"/>
        <line num="255" count="0" type="stmt"/>
        <line num="262" count="0" type="stmt"/>
        <line num="263" count="0" type="stmt"/>
        <line num="267" count="2" type="stmt"/>
        <line num="268" count="2" type="stmt"/>
        <line num="269" count="2" type="stmt"/>
        <line num="270" count="2" type="stmt"/>
        <line num="277" count="2" type="stmt"/>
        <line num="278" count="2" type="stmt"/>
        <line num="279" count="2" type="stmt"/>
        <line num="283" count="2" type="stmt"/>
        <line num="284" count="2" type="stmt"/>
        <line num="285" count="2" type="stmt"/>
        <line num="286" count="2" type="stmt"/>
        <line num="288" count="2" type="stmt"/>
        <line num="291" count="2" type="stmt"/>
        <line num="294" count="2" type="stmt"/>
        <line num="295" count="2" type="stmt"/>
        <line num="297" count="2" type="cond" truecount="2" falsecount="2"/>
        <line num="298" count="0" type="stmt"/>
        <line num="303" count="0" type="stmt"/>
        <line num="308" count="2" type="stmt"/>
        <line num="313" count="2" type="stmt"/>
        <line num="316" count="2" type="cond" truecount="1" falsecount="1"/>
        <line num="317" count="0" type="stmt"/>
        <line num="319" count="2" type="stmt"/>
        <line num="320" count="2" type="stmt"/>
        <line num="323" count="2" type="stmt"/>
        <line num="325" count="2" type="cond" truecount="1" falsecount="1"/>
        <line num="326" count="0" type="cond" truecount="0" falsecount="2"/>
        <line num="327" count="0" type="stmt"/>
        <line num="331" count="0" type="stmt"/>
        <line num="332" count="0" type="stmt"/>
        <line num="333" count="0" type="cond" truecount="0" falsecount="2"/>
        <line num="334" count="0" type="stmt"/>
        <line num="337" count="2" type="cond" truecount="1" falsecount="1"/>
        <line num="338" count="0" type="stmt"/>
        <line num="345" count="2" type="cond" truecount="3" falsecount="1"/>
        <line num="349" count="2" type="cond" truecount="1" falsecount="1"/>
        <line num="350" count="0" type="cond" truecount="0" falsecount="2"/>
        <line num="351" count="0" type="stmt"/>
        <line num="353" count="0" type="stmt"/>
        <line num="354" count="0" type="stmt"/>
        <line num="355" count="0" type="stmt"/>
        <line num="360" count="0" type="cond" truecount="0" falsecount="2"/>
        <line num="361" count="0" type="stmt"/>
        <line num="366" count="0" type="cond" truecount="0" falsecount="2"/>
        <line num="367" count="0" type="stmt"/>
        <line num="368" count="0" type="stmt"/>
        <line num="372" count="0" type="stmt"/>
        <line num="379" count="2" type="stmt"/>
        <line num="382" count="2" type="cond" truecount="1" falsecount="1"/>
        <line num="383" count="0" type="stmt"/>
        <line num="384" count="0" type="stmt"/>
        <line num="385" count="0" type="cond" truecount="0" falsecount="2"/>
        <line num="386" count="0" type="stmt"/>
        <line num="391" count="0" type="stmt"/>
        <line num="397" count="2" type="stmt"/>
        <line num="399" count="2" type="cond" truecount="1" falsecount="1"/>
        <line num="400" count="0" type="stmt"/>
        <line num="401" count="0" type="stmt"/>
        <line num="402" count="0" type="stmt"/>
        <line num="403" count="0" type="stmt"/>
        <line num="406" count="0" type="stmt"/>
        <line num="407" count="0" type="stmt"/>
        <line num="410" count="0" type="stmt"/>
        <line num="413" count="2" type="stmt"/>
        <line num="426" count="0" type="stmt"/>
        <line num="427" count="0" type="stmt"/>
        <line num="428" count="0" type="stmt"/>
        <line num="451" count="2" type="stmt"/>
        <line num="453" count="2" type="cond" truecount="1" falsecount="1"/>
        <line num="457" count="2" type="cond" truecount="1" falsecount="1"/>
        <line num="458" count="2" type="stmt"/>
        <line num="460" count="0" type="stmt"/>
        <line num="463" count="0" type="stmt"/>
        <line num="466" count="2" type="stmt"/>
        <line num="467" count="3" type="stmt"/>
        <line num="468" count="12" type="stmt"/>
        <line num="471" count="2" type="stmt"/>
        <line num="472" count="2" type="stmt"/>
        <line num="473" count="2" type="stmt"/>
        <line num="474" count="2" type="stmt"/>
        <line num="475" count="3" type="stmt"/>
        <line num="476" count="3" type="cond" truecount="1" falsecount="1"/>
        <line num="478" count="3" type="cond" truecount="1" falsecount="1"/>
        <line num="479" count="0" type="stmt"/>
        <line num="480" count="3" type="cond" truecount="2" falsecount="0"/>
        <line num="484" count="2" type="stmt"/>
        <line num="488" count="0" type="stmt"/>
        <line num="494" count="2" type="stmt"/>
        <line num="495" count="2" type="stmt"/>
        <line num="502" count="2" type="cond" truecount="2" falsecount="2"/>
        <line num="503" count="2" type="stmt"/>
        <line num="506" count="0" type="stmt"/>
[...]
        <line num="253" count="1" type="stmt"/>
        <line num="254" count="1" type="stmt"/>
        <line num="255" count="1" type="stmt"/>
        <line num="256" count="2" type="stmt"/>
        <line num="257" count="2" type="cond" truecount="1" falsecount="1"/>
        <line num="258" count="2" type="cond" truecount="1" falsecount="1"/>
        <line num="259" count="2" type="cond" truecount="2" falsecount="0"/>
        <line num="262" count="1" type="cond" truecount="1" falsecount="1"/>
        <line num="263" count="0" type="stmt"/>
        <line num="264" count="0" type="cond" truecount="0" falsecount="2"/>
        <line num="265" count="0" type="cond" truecount="0" falsecount="2"/>
        <line num="266" count="0" type="stmt"/>
        <line num="268" count="1" type="stmt"/>
        <line num="280" count="1" type="stmt"/>
        <line num="281" count="1" type="stmt"/>
        <line num="282" count="1" type="stmt"/>
        <line num="283" count="1" type="stmt"/>
        <line num="284" count="2" type="stmt"/>
        <line num="285" count="2" type="cond" truecount="2" falsecount="0"/>
        <line num="286" count="2" type="stmt"/>
        <line num="287" count="2" type="cond" truecount="2" falsecount="0"/>
        <line num="289" count="1" type="cond" truecount="1" falsecount="1"/>
        <line num="290" count="0" type="stmt"/>
        <line num="291" count="0" type="stmt"/>
        <line num="296" count="0" type="stmt"/>
        <line num="298" count="1" type="stmt"/>
        <line num="310" count="1" type="stmt"/>
        <line num="311" count="1" type="stmt"/>
        <line num="312" count="1" type="stmt"/>
        <line num="313" count="1" type="stmt"/>
        <line num="314" count="1" type="stmt"/>
        <line num="315" count="1" type="stmt"/>
        <line num="316" count="1" type="cond" truecount="2" falsecount="2"/>
        <line num="317" count="1" type="stmt"/>
        <line num="318" count="2" type="cond" truecount="1" falsecount="1"/>
        <line num="320" count="1" type="cond" truecount="1" falsecount="1"/>
        <line num="321" count="0" type="stmt"/>
        <line num="322" count="0" type="stmt"/>
        <line num="325" count="1" type="cond" truecount="1" falsecount="1"/>
        <line num="326" count="0" type="stmt"/>
        <line num="327" count="0" type="stmt"/>
        <line num="328" count="0" type="stmt"/>
        <line num="338" count="1" type="stmt"/>
        <line num="339" count="1" type="stmt"/>
        <line num="352" count="1" type="stmt"/>
        <line num="353" count="2" type="cond" truecount="1" falsecount="1"/>
        <line num="354" count="2" type="stmt"/>
        <line num="355" count="2" type="stmt"/>
        <line num="356" count="2" type="stmt"/>
        <line num="357" count="3" type="cond" truecount="2" falsecount="0"/>
        <line num="358" count="1" type="cond" truecount="3" falsecount="1"/>
        <line num="359" count="1" type="stmt"/>
        <line num="361" count="2" type="cond" truecount="1" falsecount="1"/>
        <line num="362" count="2" type="stmt"/>
        <line num="363" count="2" type="cond" truecount="2" falsecount="0"/>
        <line num="364" count="1" type="stmt"/>
        <line num="373" count="1" type="stmt"/>
        <line num="374" count="1" type="stmt"/>
        <line num="381" count="1" type="stmt"/>
        <line num="394" count="1" type="stmt"/>
        <line num="395" count="2" type="cond" truecount="1" falsecount="1"/>
        <line num="396" count="2" type="stmt"/>
        <line num="397" count="2" type="stmt"/>
        <line num="398" count="2" type="stmt"/>
        <line num="399" count="2" type="stmt"/>
        <line num="402" count="2" type="stmt"/>
        <line num="403" count="3" type="cond" truecount="2" falsecount="0"/>
        <line num="408" count="1" type="stmt"/>
        <line num="409" count="1" type="cond" truecount="1" falsecount="1"/>
        <line num="410" count="2" type="cond" truecount="1" falsecount="1"/>
        <line num="411" count="2" type="stmt"/>
        <line num="417" count="2" type="cond" truecount="1" falsecount="1"/>
        <line num="420" count="1" type="stmt"/>
      </file>
      <file name="test-tools.ts" path="/home/alex_rod/projects/lexRAG-MCP/src/tools/handlers/test-tools.ts">
        <metrics statements="32" coveredstatements="26" conditionals="29" coveredconditionals="20" methods="5" coveredmethods="5"/>
        <line num="41" count="57" type="stmt"/>
        <line num="50" count="1" type="stmt"/>
        <line num="52" count="1" type="stmt"/>
        <line num="53" count="1" type="stmt"/>
        <line num="58" count="1" type="stmt"/>
        <line num="60" count="0" type="stmt"/>
        <line num="68" count="1" type="cond" truecount="2" falsecount="0"/>
        <line num="70" count="1" type="stmt"/>
        <line num="71" count="1" type="stmt"/>
        <line num="72" count="1" type="stmt"/>
        <line num="74" count="1" type="stmt"/>
        <line num="103" count="0" type="stmt"/>
        <line num="111" count="4" type="cond" truecount="2" falsecount="0"/>
        <line num="112" count="4" type="cond" truecount="2" falsecount="0"/>
        <line num="113" count="4" type="cond" truecount="2" falsecount="0"/>
        <line num="119" count="4" type="cond" truecount="2" falsecount="0"/>
        <line num="120" count="1" type="stmt"/>
        <line num="143" count="3" type="stmt"/>
        <line num="144" count="3" type="stmt"/>
        <line num="150" count="3" type="stmt"/>
        <line num="170" count="0" type="stmt"/>
        <line num="178" count="1" type="cond" truecount="3" falsecount="0"/>
        <line num="180" count="1" type="stmt"/>
        <line num="181" count="1" type="cond" truecount="3" falsecount="1"/>
        <line num="182" count="1" type="stmt"/>
        <line num="195" count="0" type="stmt"/>
        <line num="203" count="1" type="stmt"/>
        <line num="206" count="1" type="stmt"/>
        <line num="207" count="1" type="stmt"/>
        <line num="213" count="1" type="stmt"/>
        <line num="224" count="0" type="stmt"/>
        <line num="236" count="0" type="stmt"/>
      </file>
    </package>
    <package name="src.utils">
      <metrics statements="74" coveredstatements="69" conditionals="91" coveredconditionals="81" methods="13" coveredmethods="13"/>
      <file name="exec-utils.ts" path="/home/alex_rod/projects/lexRAG-MCP/src/utils/exec-utils.ts">
        <metrics statements="15" coveredstatements="15" conditionals="13" coveredconditionals="11" methods="2" coveredmethods="2"/>
        <line num="32" count="5" type="stmt"/>
        <line num="34" count="5" type="stmt"/>
        <line num="35" count="5" type="stmt"/>
        <line num="42" count="5" type="stmt"/>
        <line num="44" count="3" type="cond" truecount="1" falsecount="1"/>
        <line num="45" count="3" type="cond" truecount="2" falsecount="0"/>
        <line num="46" count="1" type="stmt"/>
        <line num="50" count="2" type="cond" truecount="2" falsecount="0"/>
        <line num="51" count="1" type="stmt"/>
        <line num="56" count="1" type="stmt"/>
        <line num="70" count="2" type="stmt"/>
        <line num="71" count="2" type="stmt"/>
        <line num="72" count="2" type="stmt"/>
        <line num="74" count="1" type="cond" truecount="1" falsecount="1"/>
        <line num="75" count="1" type="stmt"/>
      </file>
      <file name="validation.ts" path="/home/alex_rod/projects/lexRAG-MCP/src/utils/validation.ts">
        <metrics statements="59" coveredstatements="54" conditionals="78" coveredconditionals="70" methods="11" coveredmethods="11"/>
        <line num="15" count="4" type="cond" truecount="2" falsecount="0"/>
        <line num="16" count="1" type="stmt"/>
        <line num="19" count="3" type="cond" truecount="4" falsecount="0"/>
        <line num="20" count="1" type="stmt"/>
        <line num="23" count="2" type="cond" truecount="2" falsecount="0"/>
        <line num="24" count="1" type="stmt"/>
        <line num="29" count="1" type="stmt"/>
        <line num="39" count="3" type="cond" truecount="1" falsecount="1"/>
        <line num="40" count="0" type="stmt"/>
        <line num="43" count="3" type="cond" truecount="3" falsecount="1"/>
        <line num="44" count="0" type="stmt"/>
        <line num="48" count="3" type="cond" truecount="4" falsecount="0"/>
        <line num="49" count="2" type="stmt"/>
        <line num="52" count="1" type="stmt"/>
        <line num="66" count="3" type="cond" truecount="2" falsecount="0"/>
        <line num="67" count="1" type="stmt"/>
        <line num="70" count="2" type="cond" truecount="4" falsecount="0"/>
        <line num="71" count="1" type="stmt"/>
        <line num="76" count="1" type="stmt"/>
        <line num="86" count="3" type="cond" truecount="2" falsecount="0"/>
        <line num="87" count="1" type="stmt"/>
        <line num="90" count="2" type="cond" truecount="4" falsecount="0"/>
        <line num="91" count="1" type="stmt"/>
        <line num="97" count="1" type="stmt"/>
        <line num="98" count="1" type="cond" truecount="4" falsecount="2"/>
        <line num="108" count="1" type="stmt"/>
        <line num="117" count="3" type="cond" truecount="2" falsecount="0"/>
        <line num="118" count="1" type="stmt"/>
        <line num="121" count="2" type="cond" truecount="3" falsecount="1"/>
        <line num="122" count="0" type="stmt"/>
        <line num="127" count="2" type="stmt"/>
        <line num="128" count="2" type="cond" truecount="4" falsecount="0"/>
        <line num="129" count="1" type="stmt"/>
        <line num="134" count="1" type="stmt"/>
        <line num="147" count="4" type="cond" truecount="3" falsecount="1"/>
        <line num="148" count="0" type="stmt"/>
        <line num="151" count="4" type="cond" truecount="2" falsecount="0"/>
        <line num="153" count="4" type="cond" truecount="5" falsecount="0"/>
        <line num="154" count="2" type="stmt"/>
        <line num="159" count="2" type="stmt"/>
        <line num="172" count="3" type="cond" truecount="2" falsecount="0"/>
        <line num="173" count="1" type="stmt"/>
        <line num="176" count="2" type="cond" truecount="2" falsecount="0"/>
        <line num="177" count="1" type="stmt"/>
        <line num="182" count="1" type="stmt"/>
        <line num="196" count="1" type="stmt"/>
        <line num="212" count="18" type="cond" truecount="4" falsecount="0"/>
        <line num="213" count="1" type="stmt"/>
        <line num="216" count="17" type="stmt"/>
        <line num="217" count="17" type="cond" truecount="1" falsecount="1"/>
        <line num="218" count="0" type="stmt"/>
        <line num="221" count="17" type="stmt"/>
        <line num="222" count="18" type="cond" truecount="4" falsecount="0"/>
        <line num="223" count="1" type="stmt"/>
        <line num="226" count="16" type="stmt"/>
        <line num="243" count="2" type="stmt"/>
        <line num="244" count="2" type="stmt"/>
        <line num="263" count="5" type="stmt"/>
        <line num="264" count="5" type="stmt"/>
      </file>
    </package>
    <package name="src.vector">
      <metrics statements="151" coveredstatements="139" conditionals="83" coveredconditionals="60" methods="29" coveredmethods="26"/>
      <file name="embedding-engine.ts" path="/home/alex_rod/projects/lexRAG-MCP/src/vector/embedding-engine.ts">
        <metrics statements="99" coveredstatements="95" conditionals="54" coveredconditionals="43" methods="19" coveredmethods="16"/>
        <line num="36" count="62" type="stmt"/>
        <line num="37" count="62" type="stmt"/>
        <line num="38" count="62" type="stmt"/>
        <line num="45" count="6" type="stmt"/>
        <line num="47" count="6" type="stmt"/>
        <line num="48" count="6" type="stmt"/>
        <line num="49" count="6" type="stmt"/>
        <line num="52" count="6" type="stmt"/>
        <line num="53" count="6" type="stmt"/>
        <line num="54" count="5" type="stmt"/>
        <line num="55" count="5" type="stmt"/>
        <line num="56" count="5" type="stmt"/>
        <line num="60" count="6" type="stmt"/>
        <line num="61" count="6" type="stmt"/>
        <line num="62" count="5" type="stmt"/>
        <line num="63" count="5" type="stmt"/>
        <line num="64" count="5" type="stmt"/>
        <line num="68" count="6" type="stmt"/>
        <line num="69" count="6" type="stmt"/>
        <line num="70" count="5" type="stmt"/>
        <line num="71" count="5" type="stmt"/>
        <line num="72" count="5" type="stmt"/>
        <line num="75" count="6" type="stmt"/>
        <line num="76" count="6" type="stmt"/>
        <line num="77" count="6" type="stmt"/>
        <line num="78" count="6" type="stmt"/>
        <line num="80" count="6" type="stmt"/>
        <line num="94" count="15" type="stmt"/>
        <line num="95" count="15" type="stmt"/>
        <line num="98" count="15" type="stmt"/>
        <line num="100" count="15" type="stmt"/>
        <line num="120" count="15" type="stmt"/>
        <line num="122" count="15" type="cond" truecount="2" falsecount="0"/>
        <line num="123" count="15" type="cond" truecount="2" falsecount="0"/>
        <line num="124" count="15" type="cond" truecount="2" falsecount="0"/>
        <line num="125" count="15" type="cond" truecount="2" falsecount="0"/>
        <line num="126" count="15" type="cond" truecount="2" falsecount="0"/>
        <line num="127" count="15" type="cond" truecount="1" falsecount="1"/>
        <line num="128" count="15" type="cond" truecount="1" falsecount="1"/>
        <line num="130" count="15" type="stmt"/>
        <line num="138" count="17" type="stmt"/>
        <line num="141" count="17" type="stmt"/>
        <line num="142" count="745" type="stmt"/>
        <line num="143" count="745" type="stmt"/>
        <line num="144" count="745" type="stmt"/>
        <line num="148" count="2176" type="stmt"/>
        <line num="149" count="2176" type="cond" truecount="1" falsecount="1"/>
        <line num="156" count="2" type="cond" truecount="2" falsecount="0"/>
        <line num="157" count="1" type="stmt"/>
        <line num="158" count="1" type="stmt"/>
        <line num="162" count="1" type="stmt"/>
        <line num="163" count="1" type="stmt"/>
        <line num="164" count="1" type="stmt"/>
        <line num="167" count="1" type="stmt"/>
        <line num="168" count="1" type="stmt"/>
        <line num="169" count="1" type="stmt"/>
        <line num="171" count="1" type="stmt"/>
        <line num="172" count="3" type="stmt"/>
        <line num="183" count="3" type="cond" truecount="4" falsecount="0"/>
        <line num="184" count="1" type="cond" truecount="1" falsecount="1"/>
        <line num="185" count="1" type="stmt"/>
        <line num="189" count="1" type="cond" truecount="1" falsecount="1"/>
        <line num="190" count="1" type="stmt"/>
        <line num="192" count="1" type="cond" truecount="1" falsecount="1"/>
        <line num="193" count="1" type="stmt"/>
        <line num="195" count="1" type="cond" truecount="1" falsecount="1"/>
        <line num="196" count="1" type="stmt"/>
        <line num="199" count="1" type="stmt"/>
        <line num="215" count="2" type="stmt"/>
        <line num="217" count="2" type="cond" truecount="2" falsecount="0"/>
        <line num="218" count="1" type="stmt"/>
        <line num="219" count="1" type="stmt"/>
        <line num="221" count="2" type="stmt"/>
        <line num="222" count="2" type="stmt"/>
        <line num="225" count="2" type="cond" truecount="2" falsecount="0"/>
        <line num="226" count="1" type="cond" truecount="3" falsecount="1"/>
        <line num="227" count="1" type="stmt"/>
        <line num="232" count="1" type="stmt"/>
        <line num="233" count="3" type="cond" truecount="2" falsecount="0"/>
        <line num="234" count="1" type="cond" truecount="3" falsecount="1"/>
        <line num="235" count="1" type="stmt"/>
        <line num="238" count="1" type="stmt"/>
        <line num="239" count="1" type="stmt"/>
        <line num="243" count="0" type="stmt"/>
        <line num="245" count="1" type="stmt"/>
        <line num="249" count="1" type="stmt"/>
        <line num="250" count="1" type="stmt"/>
        <line num="251" count="1" type="stmt"/>
        <line num="253" count="1" type="stmt"/>
        <line num="254" count="1" type="stmt"/>
        <line num="255" count="128" type="stmt"/>
        <line num="256" count="128" type="stmt"/>
        <line num="257" count="128" type="stmt"/>
        <line num="260" count="1" type="cond" truecount="3" falsecount="1"/>
        <line num="261" count="0" type="stmt"/>
        <line num="264" count="1" type="stmt"/>
        <line num="271" count="4" type="stmt"/>
        <line num="278" count="0" type="stmt"/>
        <line num="288" count="0" type="stmt"/>
      </file>
      <file name="qdrant-client.ts" path="/home/alex_rod/projects/lexRAG-MCP/src/vector/qdrant-client.ts">
        <metrics statements="52" coveredstatements="44" conditionals="29" coveredconditionals="17" methods="10" coveredmethods="10"/>
        <line num="29" count="62" type="stmt"/>
        <line num="32" count="62" type="stmt"/>
        <line num="39" count="61" type="stmt"/>
        <line num="41" count="61" type="stmt"/>
        <line num="42" count="3" type="cond" truecount="1" falsecount="1"/>
        <line num="43" count="3" type="stmt"/>
        <line num="44" count="3" type="stmt"/>
        <line num="47" count="1" type="stmt"/>
        <line num="51" count="1" type="stmt"/>
        <line num="59" count="1" type="cond" truecount="1" falsecount="1"/>
        <line num="60" count="0" type="stmt"/>
        <line num="61" count="0" type="stmt"/>
        <line num="64" count="1" type="stmt"/>
        <line num="65" count="1" type="stmt"/>
        <line num="76" count="1" type="cond" truecount="1" falsecount="1"/>
        <line num="77" count="1" type="stmt"/>
        <line num="80" count="0" type="stmt"/>
        <line num="91" count="1" type="cond" truecount="1" falsecount="1"/>
        <line num="92" count="0" type="stmt"/>
        <line num="93" count="0" type="stmt"/>
        <line num="96" count="1" type="stmt"/>
        <line num="97" count="1" type="stmt"/>
        <line num="103" count="1" type="stmt"/>
        <line num="112" count="1" type="cond" truecount="1" falsecount="1"/>
        <line num="113" count="1" type="stmt"/>
        <line num="118" count="0" type="stmt"/>
        <line num="130" count="3" type="cond" truecount="2" falsecount="0"/>
        <line num="131" count="1" type="stmt"/>
        <line num="132" count="1" type="stmt"/>
        <line num="135" count="2" type="stmt"/>
        <line num="136" count="2" type="stmt"/>
        <line num="149" count="1" type="cond" truecount="1" falsecount="1"/>
        <line num="150" count="1" type="stmt"/>
        <line num="151" count="1" type="stmt"/>
        <line num="152" count="1" type="cond" truecount="1" falsecount="1"/>
        <line num="159" count="0" type="stmt"/>
        <line num="161" count="1" type="stmt"/>
        <line num="162" count="1" type="stmt"/>
        <line num="170" count="1" type="cond" truecount="1" falsecount="1"/>
        <line num="172" count="1" type="stmt"/>
        <line num="173" count="1" type="stmt"/>
        <line num="174" count="1" type="stmt"/>
        <line num="176" count="0" type="stmt"/>
        <line num="184" count="2" type="cond" truecount="1" falsecount="1"/>
        <line num="186" count="2" type="stmt"/>
        <line num="187" count="2" type="stmt"/>
        <line num="188" count="1" type="cond" truecount="1" falsecount="1"/>
        <line num="189" count="1" type="stmt"/>
        <line num="190" count="1" type="stmt"/>
        <line num="197" count="1" type="stmt"/>
        <line num="199" count="1" type="stmt"/>
        <line num="206" count="5" type="stmt"/>
      </file>
    </package>
  </project>
</coverage>
